<?xml version="1.0" encoding="UTF-8" standalone="yes"?>
<AssignMessage async="false" continueOnError="false" enabled="true" name="Test-Step-From-Common">
    <DisplayName>Test-Step-From-Common</DisplayName>
    <FaultRules/>
    <Properties/>
    <AssignVariable>
        <Name>target.copy.pathsuffix</Name>
           <Value>false</Value>
    </AssignVariable>
    <IgnoreUnresolvedVariables>true</IgnoreUnresolvedVariables>
    <AssignTo createNew="false" transport="http" type="request"/>
</AssignMessage>